<?xml version="1.0" encoding="UTF-8"?>
<!-- Generated by org.testng.reporters.JUnitReportReporter -->
<testsuite skipped="0" hostname="FVFXX0JNHV2H.local" name="parallel.runners.parallelRunner" tests="2" failures="0" timestamp="06 Dec 2021 14:53:41 GMT" time="37.843" errors="0">
  <testcase name="runScenario" time="19.074" classname="parallel.runners.parallelRunner"/>
  <testcase name="runScenario" time="18.769" classname="parallel.runners.parallelRunner"/>
</testsuite> <!-- parallel.runners.parallelRunner -->
